{"D:\\Projet_tutoree\\Global-Rental-Car-Management\\frontend\\src\\pages\\AdminAgencyValidation.vue": {"path":"D:\\Projet_tutoree\\Global-Rental-Car-Management\\frontend\\src\\pages\\AdminAgencyValidation.vue","statementMap":{"0":{"start":{"line":268,"column":24},"end":{"line":308,"column":2}},"1":{"start":{"line":310,"column":21},"end":{"line":317,"column":1}},"2":{"start":{"line":320,"column":2},"end":{"line":320,"column":84}},"3":{"start":{"line":320,"column":67},"end":{"line":320,"column":83}},"4":{"start":{"line":324,"column":2},"end":{"line":324,"column":84}},"5":{"start":{"line":324,"column":67},"end":{"line":324,"column":83}},"6":{"start":{"line":2,"column":7},"end":{"line":2,"column":null}},"7":{"start":{"line":3,"column":12},"end":{"line":3,"column":null}},"8":{"start":{"line":4,"column":11},"end":{"line":4,"column":null}},"9":{"start":{"line":5,"column":13},"end":{"line":5,"column":null}},"10":{"start":{"line":24,"column":9},"end":{"line":24,"column":null}},"11":{"start":{"line":25,"column":13},"end":{"line":25,"column":null}},"12":{"start":{"line":47,"column":18},"end":{"line":47,"column":45}},"13":{"start":{"line":86,"column":12},"end":{"line":86,"column":null}},"14":{"start":{"line":119,"column":13},"end":{"line":119,"column":null}},"15":{"start":{"line":122,"column":18},"end":{"line":122,"column":59}},"16":{"start":{"line":126,"column":13},"end":{"line":126,"column":null}},"17":{"start":{"line":128,"column":17},"end":{"line":128,"column":null}},"18":{"start":{"line":130,"column":21},"end":{"line":130,"column":41}},"19":{"start":{"line":131,"column":21},"end":{"line":131,"column":40}},"20":{"start":{"line":133,"column":19},"end":{"line":133,"column":37}},"21":{"start":{"line":136,"column":17},"end":{"line":136,"column":null}},"22":{"start":{"line":138,"column":22},"end":{"line":138,"column":57}},"23":{"start":{"line":143,"column":17},"end":{"line":143,"column":null}},"24":{"start":{"line":150,"column":13},"end":{"line":150,"column":null}},"25":{"start":{"line":223,"column":15},"end":{"line":223,"column":null}},"26":{"start":{"line":225,"column":17},"end":{"line":225,"column":null}},"27":{"start":{"line":226,"column":19},"end":{"line":226,"column":null}},"28":{"start":{"line":228,"column":23},"end":{"line":228,"column":null}},"29":{"start":{"line":2,"column":2},"end":{"line":231,"column":95}},"30":{"start":{"line":7,"column":45},"end":{"line":9,"column":23}},"31":{"start":{"line":45,"column":259},"end":{"line":47,"column":77}},"32":{"start":{"line":127,"column":10},"end":{"line":145,"column":111}},"33":{"start":{"line":137,"column":14},"end":{"line":139,"column":151}},"34":{"start":{"line":144,"column":68},"end":{"line":144,"column":94}},"35":{"start":{"line":145,"column":68},"end":{"line":145,"column":93}},"36":{"start":{"line":227,"column":16},"end":{"line":231,"column":95}}},"fnMap":{"0":{"name":"approveAgency","decl":{"start":{"line":319,"column":9},"end":{"line":319,"column":22}},"loc":{"start":{"line":319,"column":27},"end":{"line":321,"column":1}},"line":319},"1":{"name":"(anonymous_1)","decl":{"start":{"line":320,"column":55},"end":{"line":320,"column":56}},"loc":{"start":{"line":320,"column":67},"end":{"line":320,"column":83}},"line":320},"2":{"name":"rejectAgency","decl":{"start":{"line":323,"column":9},"end":{"line":323,"column":21}},"loc":{"start":{"line":323,"column":26},"end":{"line":325,"column":1}},"line":323},"3":{"name":"(anonymous_3)","decl":{"start":{"line":324,"column":55},"end":{"line":324,"column":56}},"loc":{"start":{"line":324,"column":67},"end":{"line":324,"column":83}},"line":324},"4":{"name":"(anonymous_4)","decl":{"start":{"line":7,"column":12},"end":{"line":7,"column":18}},"loc":{"start":{"line":7,"column":45},"end":{"line":9,"column":23}},"line":7},"5":{"name":"(anonymous_5)","decl":{"start":{"line":45,"column":12},"end":{"line":45,"column":17}},"loc":{"start":{"line":45,"column":259},"end":{"line":47,"column":77}},"line":45},"6":{"name":"(anonymous_6)","decl":{"start":{"line":127,"column":47},"end":{"line":127,"column":50}},"loc":{"start":{"line":127,"column":28},"end":{"line":145,"column":111}},"line":127},"7":{"name":"(anonymous_7)","decl":{"start":{"line":137,"column":48},"end":{"line":137,"column":51}},"loc":{"start":{"line":137,"column":31},"end":{"line":139,"column":151}},"line":137},"8":{"name":"(anonymous_8)","decl":{"start":{"line":144,"column":66},"end":{"line":144,"column":68}},"loc":{"start":{"line":144,"column":68},"end":{"line":144,"column":94}},"line":144},"9":{"name":"(anonymous_9)","decl":{"start":{"line":145,"column":66},"end":{"line":145,"column":68}},"loc":{"start":{"line":145,"column":68},"end":{"line":145,"column":93}},"line":145},"10":{"name":"(anonymous_10)","decl":{"start":{"line":227,"column":49},"end":{"line":227,"column":52}},"loc":{"start":{"line":227,"column":33},"end":{"line":231,"column":95}},"line":227}},"branchMap":{"0":{"loc":{"start":{"line":7,"column":45},"end":{"line":9,"column":23}},"type":"binary-expr","locations":[{"start":{"line":7,"column":45},"end":{"line":7,"column":null}},{"start":{"line":7,"column":45},"end":{"line":9,"column":23}}],"line":7},"1":{"loc":{"start":{"line":10,"column":10},"end":{"line":10,"column":57}},"type":"binary-expr","locations":[{"start":{"line":10,"column":10},"end":{"line":10,"column":16}},{"start":{"line":10,"column":10},"end":{"line":10,"column":57}}],"line":10},"2":{"loc":{"start":{"line":45,"column":12},"end":{"line":45,"column":253}},"type":"binary-expr","locations":[{"start":{"line":45,"column":12},"end":{"line":45,"column":17}},{"start":{"line":45,"column":12},"end":{"line":45,"column":253}}],"line":45},"3":{"loc":{"start":{"line":45,"column":259},"end":{"line":47,"column":18}},"type":"binary-expr","locations":[{"start":{"line":45,"column":259},"end":{"line":45,"column":null}},{"start":{"line":45,"column":259},"end":{"line":47,"column":18}}],"line":45},"4":{"loc":{"start":{"line":120,"column":14},"end":{"line":122,"column":18}},"type":"binary-expr","locations":[{"start":{"line":120,"column":14},"end":{"line":120,"column":null}},{"start":{"line":120,"column":14},"end":{"line":122,"column":18}}],"line":120},"5":{"loc":{"start":{"line":139,"column":30},"end":{"line":139,"column":118}},"type":"cond-expr","locations":[{"start":{"line":139,"column":41},"end":{"line":139,"column":118}},{"start":{"line":139,"column":41},"end":{"line":139,"column":118}}],"line":139},"6":{"loc":{"start":{"line":139,"column":118},"end":{"line":139,"column":151}},"type":"cond-expr","locations":[{"start":{"line":139,"column":129},"end":{"line":139,"column":151}},{"start":{"line":139,"column":129},"end":{"line":139,"column":151}}],"line":139},"7":{"loc":{"start":{"line":224,"column":12},"end":{"line":224,"column":66}},"type":"binary-expr","locations":[{"start":{"line":224,"column":12},"end":{"line":224,"column":17}},{"start":{"line":224,"column":12},"end":{"line":224,"column":66}}],"line":224}},"s":{"0":8,"1":8,"2":2,"3":6,"4":1,"5":3,"6":1,"7":1,"8":1,"9":1,"10":1,"11":1,"12":1,"13":1,"14":1,"15":1,"16":1,"17":1,"18":1,"19":1,"20":1,"21":1,"22":1,"23":1,"24":1,"25":1,"26":1,"27":1,"28":1,"29":11,"30":0,"31":0,"32":30,"33":120,"34":2,"35":1,"36":66},"f":{"0":2,"1":6,"2":1,"3":3,"4":0,"5":0,"6":30,"7":120,"8":2,"9":1,"10":66},"b":{"0":[0,0],"1":[11,8],"2":[0,0],"3":[0,0],"4":[11,8],"5":[79,41],"6":[79,41],"7":[11,8]},"meta":{"lastBranch":0,"lastFunction":0,"lastStatement":0,"seen":{},"fnNames":{}}}
,"D:\\Projet_tutoree\\Global-Rental-Car-Management\\frontend\\src\\pages\\AgencyProfile.vue": {"path":"D:\\Projet_tutoree\\Global-Rental-Car-Management\\frontend\\src\\pages\\AgencyProfile.vue","statementMap":{"0":{"start":{"line":119,"column":15},"end":{"line":119,"column":22}},"1":{"start":{"line":120,"column":16},"end":{"line":120,"column":25}},"2":{"start":{"line":121,"column":14},"end":{"line":121,"column":21}},"3":{"start":{"line":123,"column":23},"end":{"line":131,"column":2}},"4":{"start":{"line":124,"column":2},"end":{"line":124,"column":37}},"5":{"start":{"line":124,"column":26},"end":{"line":124,"column":37}},"6":{"start":{"line":125,"column":2},"end":{"line":130,"column":18}},"7":{"start":{"line":127,"column":17},"end":{"line":127,"column":24}},"8":{"start":{"line":133,"column":0},"end":{"line":144,"column":2}},"9":{"start":{"line":134,"column":2},"end":{"line":134,"column":22}},"10":{"start":{"line":135,"column":2},"end":{"line":135,"column":18}},"11":{"start":{"line":136,"column":2},"end":{"line":143,"column":3}},"12":{"start":{"line":137,"column":21},"end":{"line":137,"column":53}},"13":{"start":{"line":138,"column":4},"end":{"line":138,"column":46}},"14":{"start":{"line":140,"column":4},"end":{"line":140,"column":79}},"15":{"start":{"line":142,"column":4},"end":{"line":142,"column":25}},"16":{"start":{"line":8,"column":11},"end":{"line":8,"column":null}},"17":{"start":{"line":21,"column":10},"end":{"line":21,"column":null}},"18":{"start":{"line":33,"column":15},"end":{"line":33,"column":null}},"19":{"start":{"line":38,"column":19},"end":{"line":38,"column":null}},"20":{"start":{"line":39,"column":20},"end":{"line":39,"column":81}},"21":{"start":{"line":51,"column":17},"end":{"line":51,"column":null}},"22":{"start":{"line":52,"column":19},"end":{"line":52,"column":54}},"23":{"start":{"line":55,"column":17},"end":{"line":55,"column":null}},"24":{"start":{"line":56,"column":19},"end":{"line":56,"column":54}},"25":{"start":{"line":62,"column":13},"end":{"line":62,"column":null}},"26":{"start":{"line":66,"column":17},"end":{"line":66,"column":null}},"27":{"start":{"line":69,"column":22},"end":{"line":69,"column":45}},"28":{"start":{"line":73,"column":22},"end":{"line":73,"column":45}},"29":{"start":{"line":75,"column":19},"end":{"line":75,"column":null}},"30":{"start":{"line":77,"column":22},"end":{"line":77,"column":45}},"31":{"start":{"line":85,"column":19},"end":{"line":85,"column":null}},"32":{"start":{"line":92,"column":21},"end":{"line":92,"column":null}},"33":{"start":{"line":94,"column":24},"end":{"line":94,"column":47}},"34":{"start":{"line":2,"column":2},"end":{"line":102,"column":27}},"35":{"start":{"line":6,"column":73},"end":{"line":7,"column":19}},"36":{"start":{"line":11,"column":8},"end":{"line":11,"column":21}},"37":{"start":{"line":15,"column":16},"end":{"line":17,"column":21}},"38":{"start":{"line":102,"column":14},"end":{"line":102,"column":27}}},"fnMap":{"0":{"name":"(anonymous_0)","decl":{"start":{"line":123,"column":32},"end":{"line":123,"column":33}},"loc":{"start":{"line":123,"column":38},"end":{"line":131,"column":1}},"line":123},"1":{"name":"(anonymous_1)","decl":{"start":{"line":127,"column":9},"end":{"line":127,"column":13}},"loc":{"start":{"line":127,"column":17},"end":{"line":127,"column":24}},"line":127},"2":{"name":"(anonymous_2)","decl":{"start":{"line":133,"column":10},"end":{"line":133,"column":15}},"loc":{"start":{"line":133,"column":22},"end":{"line":144,"column":1}},"line":133},"3":{"name":"(anonymous_3)","decl":{"start":{"line":6,"column":8},"end":{"line":6,"column":14}},"loc":{"start":{"line":6,"column":73},"end":{"line":7,"column":19}},"line":6},"4":{"name":"(anonymous_4)","decl":{"start":{"line":9,"column":80},"end":{"line":9,"column":null}},"loc":{"start":{"line":11,"column":8},"end":{"line":11,"column":21}},"line":11},"5":{"name":"(anonymous_5)","decl":{"start":{"line":13,"column":10},"end":{"line":13,"column":15}},"loc":{"start":{"line":15,"column":16},"end":{"line":17,"column":21}},"line":15},"6":{"name":"(anonymous_6)","decl":{"start":{"line":100,"column":80},"end":{"line":100,"column":null}},"loc":{"start":{"line":102,"column":14},"end":{"line":102,"column":27}},"line":102}},"branchMap":{"0":{"loc":{"start":{"line":124,"column":2},"end":{"line":124,"column":37}},"type":"if","locations":[{"start":{"line":124,"column":2},"end":{"line":124,"column":37}},{"start":{},"end":{}}],"line":124},"1":{"loc":{"start":{"line":138,"column":19},"end":{"line":138,"column":46}},"type":"binary-expr","locations":[{"start":{"line":138,"column":19},"end":{"line":138,"column":34}},{"start":{"line":138,"column":38},"end":{"line":138,"column":46}}],"line":138},"2":{"loc":{"start":{"line":140,"column":18},"end":{"line":140,"column":79}},"type":"binary-expr","locations":[{"start":{"line":140,"column":18},"end":{"line":140,"column":29}},{"start":{"line":140,"column":33},"end":{"line":140,"column":79}}],"line":140},"3":{"loc":{"start":{"line":6,"column":73},"end":{"line":7,"column":19}},"type":"binary-expr","locations":[{"start":{"line":6,"column":73},"end":{"line":6,"column":null}},{"start":{"line":6,"column":73},"end":{"line":7,"column":19}}],"line":6},"4":{"loc":{"start":{"line":11,"column":8},"end":{"line":11,"column":21}},"type":"binary-expr","locations":[{"start":{"line":11,"column":8},"end":{"line":11,"column":21}},{"start":{"line":11,"column":8},"end":{"line":11,"column":21}}],"line":11},"5":{"loc":{"start":{"line":15,"column":16},"end":{"line":17,"column":21}},"type":"binary-expr","locations":[{"start":{"line":15,"column":16},"end":{"line":15,"column":null}},{"start":{"line":15,"column":16},"end":{"line":17,"column":21}}],"line":15},"6":{"loc":{"start":{"line":22,"column":17},"end":{"line":102,"column":27}},"type":"cond-expr","locations":[{"start":{"line":22,"column":6},"end":{"line":23,"column":99}},{"start":{"line":26,"column":22},"end":{"line":102,"column":27}}],"line":22},"7":{"loc":{"start":{"line":24,"column":12},"end":{"line":23,"column":99}},"type":"binary-expr","locations":[{"start":{"line":24,"column":12},"end":{"line":24,"column":null}},{"start":{"line":24,"column":12},"end":{"line":23,"column":99}}],"line":24},"8":{"loc":{"start":{"line":26,"column":22},"end":{"line":102,"column":27}},"type":"cond-expr","locations":[{"start":{"line":26,"column":6},"end":{"line":27,"column":null}},{"start":{"line":30,"column":6},"end":{"line":102,"column":27}}],"line":26},"9":{"loc":{"start":{"line":39,"column":81},"end":{"line":39,"column":116}},"type":"binary-expr","locations":[{"start":{"line":39,"column":81},"end":{"line":39,"column":92}},{"start":{"line":39,"column":92},"end":{"line":39,"column":116}}],"line":39},"10":{"loc":{"start":{"line":40,"column":16},"end":{"line":42,"column":23}},"type":"binary-expr","locations":[{"start":{"line":40,"column":16},"end":{"line":40,"column":22}},{"start":{"line":40,"column":16},"end":{"line":42,"column":23}}],"line":40},"11":{"loc":{"start":{"line":45,"column":22},"end":{"line":45,"column":null}},"type":"binary-expr","locations":[{"start":{"line":45,"column":22},"end":{"line":45,"column":36}},{"start":{"line":45,"column":36},"end":{"line":45,"column":null}}],"line":45},"12":{"loc":{"start":{"line":52,"column":54},"end":{"line":52,"column":83}},"type":"binary-expr","locations":[{"start":{"line":52,"column":54},"end":{"line":52,"column":71}},{"start":{"line":52,"column":71},"end":{"line":52,"column":83}}],"line":52},"13":{"loc":{"start":{"line":53,"column":14},"end":{"line":53,"column":98}},"type":"binary-expr","locations":[{"start":{"line":53,"column":14},"end":{"line":53,"column":19}},{"start":{"line":53,"column":14},"end":{"line":53,"column":98}}],"line":53},"14":{"loc":{"start":{"line":56,"column":54},"end":{"line":56,"column":90}},"type":"binary-expr","locations":[{"start":{"line":56,"column":54},"end":{"line":56,"column":74}},{"start":{"line":56,"column":74},"end":{"line":56,"column":90}}],"line":56},"15":{"loc":{"start":{"line":57,"column":14},"end":{"line":57,"column":98}},"type":"binary-expr","locations":[{"start":{"line":57,"column":14},"end":{"line":57,"column":19}},{"start":{"line":57,"column":14},"end":{"line":57,"column":98}}],"line":57},"16":{"loc":{"start":{"line":65,"column":12},"end":{"line":65,"column":68}},"type":"binary-expr","locations":[{"start":{"line":65,"column":12},"end":{"line":65,"column":16}},{"start":{"line":65,"column":12},"end":{"line":65,"column":68}}],"line":65},"17":{"loc":{"start":{"line":68,"column":16},"end":{"line":68,"column":70}},"type":"binary-expr","locations":[{"start":{"line":68,"column":16},"end":{"line":68,"column":22}},{"start":{"line":68,"column":16},"end":{"line":68,"column":70}}],"line":68},"18":{"loc":{"start":{"line":69,"column":45},"end":{"line":69,"column":74}},"type":"binary-expr","locations":[{"start":{"line":69,"column":45},"end":{"line":69,"column":57}},{"start":{"line":69,"column":57},"end":{"line":69,"column":74}}],"line":69},"19":{"loc":{"start":{"line":72,"column":16},"end":{"line":72,"column":73}},"type":"binary-expr","locations":[{"start":{"line":72,"column":16},"end":{"line":72,"column":22}},{"start":{"line":72,"column":16},"end":{"line":72,"column":73}}],"line":72},"20":{"loc":{"start":{"line":73,"column":45},"end":{"line":73,"column":74}},"type":"binary-expr","locations":[{"start":{"line":73,"column":45},"end":{"line":73,"column":57}},{"start":{"line":73,"column":57},"end":{"line":73,"column":74}}],"line":73},"21":{"loc":{"start":{"line":76,"column":16},"end":{"line":76,"column":71}},"type":"binary-expr","locations":[{"start":{"line":76,"column":16},"end":{"line":76,"column":22}},{"start":{"line":76,"column":16},"end":{"line":76,"column":71}}],"line":76},"22":{"loc":{"start":{"line":77,"column":45},"end":{"line":77,"column":76}},"type":"binary-expr","locations":[{"start":{"line":77,"column":45},"end":{"line":77,"column":59}},{"start":{"line":77,"column":59},"end":{"line":77,"column":76}}],"line":77},"23":{"loc":{"start":{"line":84,"column":14},"end":{"line":84,"column":75}},"type":"binary-expr","locations":[{"start":{"line":84,"column":14},"end":{"line":84,"column":18}},{"start":{"line":84,"column":14},"end":{"line":84,"column":75}}],"line":84},"24":{"loc":{"start":{"line":87,"column":18},"end":{"line":87,"column":72}},"type":"binary-expr","locations":[{"start":{"line":87,"column":18},"end":{"line":87,"column":24}},{"start":{"line":87,"column":18},"end":{"line":87,"column":72}}],"line":87},"25":{"loc":{"start":{"line":89,"column":23},"end":{"line":89,"column":null}},"type":"binary-expr","locations":[{"start":{"line":89,"column":23},"end":{"line":89,"column":36}},{"start":{"line":89,"column":36},"end":{"line":89,"column":null}}],"line":89},"26":{"loc":{"start":{"line":93,"column":18},"end":{"line":93,"column":84}},"type":"binary-expr","locations":[{"start":{"line":93,"column":18},"end":{"line":93,"column":24}},{"start":{"line":93,"column":18},"end":{"line":93,"column":84}}],"line":93},"27":{"loc":{"start":{"line":94,"column":47},"end":{"line":94,"column":118}},"type":"cond-expr","locations":[{"start":{"line":94,"column":72},"end":{"line":94,"column":118}},{"start":{"line":94,"column":94},"end":{"line":94,"column":118}}],"line":94},"28":{"loc":{"start":{"line":102,"column":14},"end":{"line":102,"column":27}},"type":"binary-expr","locations":[{"start":{"line":102,"column":14},"end":{"line":102,"column":27}},{"start":{"line":102,"column":14},"end":{"line":102,"column":27}}],"line":102}},"s":{"0":10,"1":10,"2":10,"3":10,"4":7,"5":2,"6":5,"7":11,"8":10,"9":10,"10":10,"11":10,"12":10,"13":7,"14":2,"15":9,"16":1,"17":1,"18":1,"19":1,"20":1,"21":1,"22":1,"23":1,"24":1,"25":1,"26":1,"27":1,"28":1,"29":1,"30":1,"31":1,"32":1,"33":1,"34":19,"35":0,"36":0,"37":0,"38":0},"f":{"0":7,"1":11,"2":10,"3":0,"4":0,"5":0,"6":0},"b":{"0":[2,5],"1":[7,1],"2":[2,1],"3":[0,0],"4":[0,0],"5":[0,0],"6":[10,9],"7":[10,10],"8":[2,7],"9":[7,2],"10":[7,7],"11":[7,6],"12":[7,6],"13":[7,7],"14":[7,6],"15":[7,7],"16":[7,7],"17":[7,7],"18":[7,4],"19":[7,7],"20":[7,6],"21":[7,7],"22":[7,6],"23":[7,7],"24":[7,7],"25":[7,6],"26":[7,7],"27":[1,6],"28":[0,0]},"meta":{"lastBranch":29,"lastFunction":7,"lastStatement":39,"seen":{"s:119:15:119:22":0,"s:120:16:120:25":1,"s:121:14:121:21":2,"s:123:23:131:2":3,"f:123:32:123:33":0,"b:124:2:124:37:undefined:undefined:undefined:undefined":0,"s:124:2:124:37":4,"s:124:26:124:37":5,"s:125:2:130:18":6,"f:127:9:127:13":1,"s:127:17:127:24":7,"s:133:0:144:2":8,"f:133:10:133:15":2,"s:134:2:134:22":9,"s:135:2:135:18":10,"s:136:2:143:3":11,"s:137:21:137:53":12,"s:138:4:138:46":13,"b:138:19:138:34:138:38:138:46":1,"s:140:4:140:79":14,"b:140:18:140:29:140:33:140:79":2,"s:142:4:142:25":15,"s:8:11:8:Infinity":16,"s:21:10:21:Infinity":17,"s:33:15:33:Infinity":18,"s:38:19:38:Infinity":19,"s:39:20:39:81":20,"s:51:17:51:Infinity":21,"s:52:19:52:54":22,"s:55:17:55:Infinity":23,"s:56:19:56:54":24,"s:62:13:62:Infinity":25,"s:66:17:66:Infinity":26,"s:69:22:69:45":27,"s:73:22:73:45":28,"s:75:19:75:Infinity":29,"s:77:22:77:45":30,"s:85:19:85:Infinity":31,"s:92:21:92:Infinity":32,"s:94:24:94:47":33,"s:2:2:102:27":34,"f:6:8:6:14":3,"s:6:73:7:19":35,"b:6:73:6:Infinity:6:73:7:19":3,"f:9:80:9:Infinity":4,"s:11:8:11:21":36,"b:11:8:11:21:11:8:11:21":4,"f:13:10:13:15":5,"s:15:16:17:21":37,"b:15:16:15:Infinity:15:16:17:21":5,"b:22:6:23:99:26:22:102:27":6,"b:24:12:24:Infinity:24:12:23:99":7,"b:26:6:27:Infinity:30:6:102:27":8,"b:39:81:39:92:39:92:39:116":9,"b:40:16:40:22:40:16:42:23":10,"b:45:22:45:36:45:36:45:Infinity":11,"b:52:54:52:71:52:71:52:83":12,"b:53:14:53:19:53:14:53:98":13,"b:56:54:56:74:56:74:56:90":14,"b:57:14:57:19:57:14:57:98":15,"b:65:12:65:16:65:12:65:68":16,"b:68:16:68:22:68:16:68:70":17,"b:69:45:69:57:69:57:69:74":18,"b:72:16:72:22:72:16:72:73":19,"b:73:45:73:57:73:57:73:74":20,"b:76:16:76:22:76:16:76:71":21,"b:77:45:77:59:77:59:77:76":22,"b:84:14:84:18:84:14:84:75":23,"b:87:18:87:24:87:18:87:72":24,"b:89:23:89:36:89:36:89:Infinity":25,"b:93:18:93:24:93:18:93:84":26,"b:94:72:94:118:94:94:94:118":27,"f:100:80:100:Infinity":6,"s:102:14:102:27":38,"b:102:14:102:27:102:14:102:27":28},"fnNames":{}}}
,"D:\\Projet_tutoree\\Global-Rental-Car-Management\\frontend\\src\\services\\agency.js": {"path":"D:\\Projet_tutoree\\Global-Rental-Car-Management\\frontend\\src\\services\\agency.js","statementMap":{"0":{"start":{"line":5,"column":8},"end":{"line":5,"column":41}},"1":{"start":{"line":9,"column":8},"end":{"line":9,"column":50}},"2":{"start":{"line":13,"column":8},"end":{"line":13,"column":47}},"3":{"start":{"line":17,"column":8},"end":{"line":17,"column":41}},"4":{"start":{"line":21,"column":8},"end":{"line":21,"column":45}},"5":{"start":{"line":25,"column":8},"end":{"line":25,"column":50}},"6":{"start":{"line":29,"column":8},"end":{"line":29,"column":44}}},"fnMap":{"0":{"name":"getProfile","decl":{"start":{"line":4,"column":4},"end":{"line":4,"column":14}},"loc":{"start":{"line":4,"column":17},"end":{"line":6,"column":5}},"line":4},"1":{"name":"updateProfile","decl":{"start":{"line":8,"column":4},"end":{"line":8,"column":17}},"loc":{"start":{"line":8,"column":27},"end":{"line":10,"column":5}},"line":8},"2":{"name":"getAgencies","decl":{"start":{"line":12,"column":4},"end":{"line":12,"column":15}},"loc":{"start":{"line":12,"column":29},"end":{"line":14,"column":5}},"line":12},"3":{"name":"getAgency","decl":{"start":{"line":16,"column":4},"end":{"line":16,"column":13}},"loc":{"start":{"line":16,"column":18},"end":{"line":18,"column":5}},"line":16},"4":{"name":"createAgency","decl":{"start":{"line":20,"column":4},"end":{"line":20,"column":16}},"loc":{"start":{"line":20,"column":26},"end":{"line":22,"column":5}},"line":20},"5":{"name":"updateAgency","decl":{"start":{"line":24,"column":4},"end":{"line":24,"column":16}},"loc":{"start":{"line":24,"column":30},"end":{"line":26,"column":5}},"line":24},"6":{"name":"deleteAgency","decl":{"start":{"line":28,"column":4},"end":{"line":28,"column":16}},"loc":{"start":{"line":28,"column":21},"end":{"line":30,"column":5}},"line":28}},"branchMap":{"0":{"loc":{"start":{"line":12,"column":16},"end":{"line":12,"column":27}},"type":"default-arg","locations":[{"start":{"line":12,"column":25},"end":{"line":12,"column":27}}],"line":12}},"s":{"0":2,"1":2,"2":2,"3":2,"4":2,"5":1,"6":2},"f":{"0":2,"1":2,"2":2,"3":2,"4":2,"5":1,"6":2},"b":{"0":[2]},"meta":{"lastBranch":1,"lastFunction":7,"lastStatement":7,"seen":{"f:4:4:4:14":0,"s:5:8:5:41":0,"f:8:4:8:17":1,"s:9:8:9:50":1,"f:12:4:12:15":2,"b:12:25:12:27":0,"s:13:8:13:47":2,"f:16:4:16:13":3,"s:17:8:17:41":3,"f:20:4:20:16":4,"s:21:8:21:45":4,"f:24:4:24:16":5,"s:25:8:25:50":5,"f:28:4:28:16":6,"s:29:8:29:44":6},"fnNames":{}}}
,"D:\\Projet_tutoree\\Global-Rental-Car-Management\\frontend\\src\\stores\\auth.js": {"path":"D:\\Projet_tutoree\\Global-Rental-Car-Management\\frontend\\src\\stores\\auth.js","statementMap":{"0":{"start":{"line":5,"column":28},"end":{"line":65,"column":null}},"1":{"start":{"line":6,"column":18},"end":{"line":6,"column":60}},"2":{"start":{"line":7,"column":17},"end":{"line":7,"column":72}},"3":{"start":{"line":8,"column":28},"end":{"line":8,"column":57}},"4":{"start":{"line":8,"column":43},"end":{"line":8,"column":56}},"5":{"start":{"line":11,"column":8},"end":{"line":11,"column":30}},"6":{"start":{"line":12,"column":8},"end":{"line":12,"column":28}},"7":{"start":{"line":13,"column":8},"end":{"line":13,"column":47}},"8":{"start":{"line":14,"column":8},"end":{"line":14,"column":61}},"9":{"start":{"line":18,"column":8},"end":{"line":18,"column":26}},"10":{"start":{"line":19,"column":8},"end":{"line":19,"column":25}},"11":{"start":{"line":20,"column":8},"end":{"line":20,"column":40}},"12":{"start":{"line":21,"column":8},"end":{"line":21,"column":39}},"13":{"start":{"line":25,"column":21},"end":{"line":25,"column":58}},"14":{"start":{"line":26,"column":8},"end":{"line":26,"column":41}},"15":{"start":{"line":27,"column":8},"end":{"line":27,"column":24}},"16":{"start":{"line":31,"column":8},"end":{"line":31,"column":52}},"17":{"start":{"line":35,"column":8},"end":{"line":35,"column":52}},"18":{"start":{"line":39,"column":8},"end":{"line":40,"column":34}},"19":{"start":{"line":39,"column":14},"end":{"line":39,"column":39}},"20":{"start":{"line":40,"column":18},"end":{"line":40,"column":32}},"21":{"start":{"line":44,"column":28},"end":{"line":44,"column":57}},"22":{"start":{"line":45,"column":8},"end":{"line":48,"column":9}},"23":{"start":{"line":46,"column":12},"end":{"line":46,"column":26}},"24":{"start":{"line":47,"column":12},"end":{"line":47,"column":24}},"25":{"start":{"line":50,"column":8},"end":{"line":60,"column":9}},"26":{"start":{"line":51,"column":25},"end":{"line":51,"column":45}},"27":{"start":{"line":52,"column":12},"end":{"line":55,"column":13}},"28":{"start":{"line":53,"column":16},"end":{"line":53,"column":50}},"29":{"start":{"line":54,"column":16},"end":{"line":54,"column":27}},"30":{"start":{"line":57,"column":12},"end":{"line":59,"column":13}},"31":{"start":{"line":58,"column":16},"end":{"line":58,"column":30}},"32":{"start":{"line":61,"column":8},"end":{"line":61,"column":20}},"33":{"start":{"line":64,"column":4},"end":{"line":64,"column":132}}},"fnMap":{"0":{"name":"(anonymous_0)","decl":{"start":{"line":5,"column":48},"end":{"line":5,"column":49}},"loc":{"start":{"line":5,"column":54},"end":{"line":65,"column":1}},"line":5},"1":{"name":"(anonymous_1)","decl":{"start":{"line":8,"column":37},"end":{"line":8,"column":38}},"loc":{"start":{"line":8,"column":43},"end":{"line":8,"column":56}},"line":8},"2":{"name":"setSession","decl":{"start":{"line":10,"column":13},"end":{"line":10,"column":23}},"loc":{"start":{"line":10,"column":43},"end":{"line":15,"column":5}},"line":10},"3":{"name":"clearSession","decl":{"start":{"line":17,"column":13},"end":{"line":17,"column":25}},"loc":{"start":{"line":17,"column":28},"end":{"line":22,"column":5}},"line":17},"4":{"name":"login","decl":{"start":{"line":24,"column":19},"end":{"line":24,"column":24}},"loc":{"start":{"line":24,"column":38},"end":{"line":28,"column":5}},"line":24},"5":{"name":"registerClient","decl":{"start":{"line":30,"column":19},"end":{"line":30,"column":33}},"loc":{"start":{"line":30,"column":43},"end":{"line":32,"column":5}},"line":30},"6":{"name":"registerAgency","decl":{"start":{"line":34,"column":19},"end":{"line":34,"column":33}},"loc":{"start":{"line":34,"column":43},"end":{"line":36,"column":5}},"line":34},"7":{"name":"logout","decl":{"start":{"line":38,"column":19},"end":{"line":38,"column":25}},"loc":{"start":{"line":38,"column":28},"end":{"line":41,"column":5}},"line":38},"8":{"name":"restoreSession","decl":{"start":{"line":43,"column":19},"end":{"line":43,"column":33}},"loc":{"start":{"line":43,"column":36},"end":{"line":62,"column":5}},"line":43}},"branchMap":{"0":{"loc":{"start":{"line":6,"column":22},"end":{"line":6,"column":59}},"type":"binary-expr","locations":[{"start":{"line":6,"column":22},"end":{"line":6,"column":51}},{"start":{"line":6,"column":55},"end":{"line":6,"column":59}}],"line":6},"1":{"loc":{"start":{"line":7,"column":32},"end":{"line":7,"column":70}},"type":"binary-expr","locations":[{"start":{"line":7,"column":32},"end":{"line":7,"column":60}},{"start":{"line":7,"column":64},"end":{"line":7,"column":70}}],"line":7},"2":{"loc":{"start":{"line":45,"column":8},"end":{"line":48,"column":9}},"type":"if","locations":[{"start":{"line":45,"column":8},"end":{"line":48,"column":9}},{"start":{},"end":{}}],"line":45},"3":{"loc":{"start":{"line":52,"column":12},"end":{"line":55,"column":13}},"type":"if","locations":[{"start":{"line":52,"column":12},"end":{"line":55,"column":13}},{"start":{},"end":{}}],"line":52},"4":{"loc":{"start":{"line":57,"column":12},"end":{"line":59,"column":13}},"type":"if","locations":[{"start":{"line":57,"column":12},"end":{"line":59,"column":13}},{"start":{},"end":{}}],"line":57}},"s":{"0":1,"1":18,"2":18,"3":18,"4":2,"5":11,"6":11,"7":11,"8":11,"9":6,"10":6,"11":6,"12":6,"13":4,"14":3,"15":3,"16":2,"17":1,"18":2,"19":2,"20":2,"21":3,"22":3,"23":1,"24":1,"25":2,"26":2,"27":1,"28":1,"29":1,"30":1,"31":1,"32":1,"33":18},"f":{"0":18,"1":2,"2":11,"3":6,"4":4,"5":2,"6":1,"7":2,"8":3},"b":{"0":[18,16],"1":[18,18],"2":[1,2],"3":[1,0],"4":[1,0]},"meta":{"lastBranch":5,"lastFunction":9,"lastStatement":34,"seen":{"s:5:28:65:Infinity":0,"f:5:48:5:49":0,"s:6:18:6:60":1,"b:6:22:6:51:6:55:6:59":0,"s:7:17:7:72":2,"b:7:32:7:60:7:64:7:70":1,"s:8:28:8:57":3,"f:8:37:8:38":1,"s:8:43:8:56":4,"f:10:13:10:23":2,"s:11:8:11:30":5,"s:12:8:12:28":6,"s:13:8:13:47":7,"s:14:8:14:61":8,"f:17:13:17:25":3,"s:18:8:18:26":9,"s:19:8:19:25":10,"s:20:8:20:40":11,"s:21:8:21:39":12,"f:24:19:24:24":4,"s:25:21:25:58":13,"s:26:8:26:41":14,"s:27:8:27:24":15,"f:30:19:30:33":5,"s:31:8:31:52":16,"f:34:19:34:33":6,"s:35:8:35:52":17,"f:38:19:38:25":7,"s:39:8:40:34":18,"s:39:14:39:39":19,"s:40:18:40:32":20,"f:43:19:43:33":8,"s:44:28:44:57":21,"b:45:8:48:9:undefined:undefined:undefined:undefined":2,"s:45:8:48:9":22,"s:46:12:46:26":23,"s:47:12:47:24":24,"s:50:8:60:9":25,"s:51:25:51:45":26,"b:52:12:55:13:undefined:undefined:undefined:undefined":3,"s:52:12:55:13":27,"s:53:16:53:50":28,"s:54:16:54:27":29,"b:57:12:59:13:undefined:undefined:undefined:undefined":4,"s:57:12:59:13":30,"s:58:16:58:30":31,"s:61:8:61:20":32,"s:64:4:64:132":33},"fnNames":{}}}
}
